2019-10-28 10:16:02,067 INFO Starting Nacos v1.1.4 on DESKTOP-5EMO5NE with PID 6464 (D:\Work\springcloud\nacos\target\nacos-server.jar started by dell in D:\Work\springcloud\nacos\bin)

2019-10-28 10:16:02,071 INFO The following profiles are active: standalone

2019-10-28 10:16:03,755 INFO Bean 'org.springframework.security.config.annotation.configuration.ObjectPostProcessorConfiguration' of type [org.springframework.security.config.annotation.configuration.ObjectPostProcessorConfiguration$$EnhancerBySpringCGLIB$$e350695] is not eligible for getting processed by all BeanPostProcessors (for example: not eligible for auto-proxying)

2019-10-28 10:16:03,832 INFO Bean 'objectPostProcessor' of type [org.springframework.security.config.annotation.configuration.AutowireBeanFactoryObjectPostProcessor] is not eligible for getting processed by all BeanPostProcessors (for example: not eligible for auto-proxying)

2019-10-28 10:16:03,835 INFO Bean 'org.springframework.security.access.expression.method.DefaultMethodSecurityExpressionHandler@6440112d' of type [org.springframework.security.access.expression.method.DefaultMethodSecurityExpressionHandler] is not eligible for getting processed by all BeanPostProcessors (for example: not eligible for auto-proxying)

2019-10-28 10:16:03,838 INFO Bean 'org.springframework.security.config.annotation.method.configuration.GlobalMethodSecurityConfiguration' of type [org.springframework.security.config.annotation.method.configuration.GlobalMethodSecurityConfiguration$$EnhancerBySpringCGLIB$$3309a947] is not eligible for getting processed by all BeanPostProcessors (for example: not eligible for auto-proxying)

2019-10-28 10:16:03,843 INFO Bean 'methodSecurityMetadataSource' of type [org.springframework.security.access.method.DelegatingMethodSecurityMetadataSource] is not eligible for getting processed by all BeanPostProcessors (for example: not eligible for auto-proxying)

2019-10-28 10:16:04,635 INFO Tomcat initialized with port(s): 8848 (http)

2019-10-28 10:16:04,660 INFO Starting service [Tomcat]

2019-10-28 10:16:04,660 INFO Starting Servlet Engine: Apache Tomcat/9.0.13

2019-10-28 10:16:04,669 INFO The APR based Apache Tomcat Native library which allows optimal performance in production environments was not found on the java.library.path: [D:\Program Files\jdk1.8.0_91\bin;C:\WINDOWS\Sun\Java\bin;C:\WINDOWS\system32;C:\WINDOWS;D:\Program Files\jdk1.8.0_91\bin;C:\ProgramData\Oracle\Java\javapath;C:\Program Files (x86)\Intel\Intel(R) Management Engine Components\iCLS\;C:\Program Files\Intel\Intel(R) Management Engine Components\iCLS\;C:\Windows\system32;C:\Windows;C:\Windows\System32\Wbem;C:\Windows\System32\WindowsPowerShell\v1.0\;C:\Program Files (x86)\NVIDIA Corporation\PhysX\Common;C:\Program Files (x86)\Intel\Intel(R) Management Engine Components\DAL;C:\Program Files\Intel\Intel(R) Management Engine Components\DAL;C:\Program Files (x86)\Intel\Intel(R) Management Engine Components\IPT;C:\Program Files\Intel\Intel(R) Management Engine Components\IPT;D:\Program Files\TortoiseSVN\bin;C:\WINDOWS\system32;C:\WINDOWS;C:\WINDOWS\System32\Wbem;C:\WINDOWS\System32\WindowsPowerShell\v1.0\;C:\WINDOWS\System32\OpenSSH\;C:\Program Files (x86)\MySQL\MySQL Fabric 1.5 & MySQL Utilities 1.5\;C:\Program Files (x86)\MySQL\MySQL Fabric 1.5 & MySQL Utilities 1.5\Doctrine extensions for PHP\;C:\Program Files\NVIDIA Corporation\NVIDIA NvDLISR;D:\Program Files\jdk1.8.0_91\jre\bin;TOMECAT_HOME;D:\Program Files\nodejs\;C:\Program Files\Intel\WiFi\bin\;C:\Program Files\Common Files\Intel\WirelessCommon\;D:\Program Files\nodejs\node_global;C:\WINDOWS\system32;C:\WINDOWS;C:\WINDOWS\System32\Wbem;C:\WINDOWS\System32\WindowsPowerShell\v1.0\;C:\WINDOWS\System32\OpenSSH\;D:\psw\tools\Git\Git\cmd;C:\Users\dell\AppData\Local\Microsoft\WindowsApps;C:\Users\dell\AppData\Roaming\npm;D:\软件\Fiddler;%;SERPROFILE%\AppData\Local\Microsoft\WindowsApps;;.]

2019-10-28 10:16:04,748 INFO Initializing Spring embedded WebApplicationContext

2019-10-28 10:16:04,748 INFO Root WebApplicationContext: initialization completed in 2615 ms

2019-10-28 10:16:06,556 INFO Use Mysql as the driver

2019-10-28 10:16:06,855 INFO Initializing ExecutorService 'applicationTaskExecutor'

2019-10-28 10:16:07,220 INFO Adding welcome page: class path resource [static/index.html]

2019-10-28 10:16:07,484 INFO Creating filter chain: Ant [pattern='/'], []

2019-10-28 10:16:07,484 INFO Creating filter chain: Ant [pattern='/**/*.css'], []

2019-10-28 10:16:07,485 INFO Creating filter chain: Ant [pattern='/**/*.js'], []

2019-10-28 10:16:07,486 INFO Creating filter chain: Ant [pattern='/**/*.html'], []

2019-10-28 10:16:07,486 INFO Creating filter chain: Ant [pattern='/**/*.map'], []

2019-10-28 10:16:07,487 INFO Creating filter chain: Ant [pattern='/**/*.svg'], []

2019-10-28 10:16:07,487 INFO Creating filter chain: Ant [pattern='/**/*.png'], []

2019-10-28 10:16:07,487 INFO Creating filter chain: Ant [pattern='/**/*.ico'], []

2019-10-28 10:16:07,488 INFO Creating filter chain: Ant [pattern='/console-fe/public/**'], []

2019-10-28 10:16:07,488 INFO Creating filter chain: Ant [pattern='/v1/auth/login'], []

2019-10-28 10:16:07,488 INFO Creating filter chain: Ant [pattern='/v1/console/health/**'], []

2019-10-28 10:16:07,489 INFO Creating filter chain: Ant [pattern='/v1/cs/**'], []

2019-10-28 10:16:07,489 INFO Creating filter chain: Ant [pattern='/v1/ns/**'], []

2019-10-28 10:16:07,489 INFO Creating filter chain: Ant [pattern='/v1/cmdb/**'], []

2019-10-28 10:16:07,490 INFO Creating filter chain: Ant [pattern='/actuator/**'], []

2019-10-28 10:16:07,490 INFO Creating filter chain: Ant [pattern='/v1/console/server/**'], []

2019-10-28 10:16:07,515 INFO Creating filter chain: any request, [org.springframework.security.web.context.request.async.WebAsyncManagerIntegrationFilter@20a8a64e, org.springframework.security.web.context.SecurityContextPersistenceFilter@75f65e45, org.springframework.security.web.header.HeaderWriterFilter@5dd91bca, org.springframework.security.web.authentication.logout.LogoutFilter@2313052e, com.alibaba.nacos.console.filter.JwtAuthenticationTokenFilter@62f4ff3b, org.springframework.security.web.savedrequest.RequestCacheAwareFilter@4a891c97, org.springframework.security.web.servletapi.SecurityContextHolderAwareRequestFilter@75390459, org.springframework.security.web.authentication.AnonymousAuthenticationFilter@1698fc68, org.springframework.security.web.session.SessionManagementFilter@3382f8ae, org.springframework.security.web.access.ExceptionTranslationFilter@60a2630a, org.springframework.security.web.access.intercept.FilterSecurityInterceptor@56a4479a]

2019-10-28 10:16:07,595 INFO Exposing 2 endpoint(s) beneath base path '/actuator'

2019-10-28 10:16:07,625 INFO Initializing ExecutorService 'taskScheduler'

2019-10-28 10:16:07,703 INFO Tomcat started on port(s): 8848 (http) with context path '/nacos'

2019-10-28 10:16:07,707 INFO Started Nacos in 6.695 seconds (JVM running for 7.208)

2019-10-28 10:16:07,707 INFO Nacos Log files: D:\Work\springcloud\nacos/logs/

2019-10-28 10:16:07,707 INFO Nacos Conf files: D:\Work\springcloud\nacos/conf/

2019-10-28 10:16:07,708 INFO Nacos Data files: D:\Work\springcloud\nacos/data/

2019-10-28 10:16:07,709 INFO Nacos started successfully in stand alone mode.

2019-10-28 10:16:07,833 INFO Initializing Spring DispatcherServlet 'dispatcherServlet'

2019-10-28 10:16:07,833 INFO Initializing Servlet 'dispatcherServlet'

2019-10-28 10:16:07,842 INFO Completed initialization in 8 ms

2019-10-28 10:16:35,154 INFO Expired JWT token.

2019-10-28 10:16:35,170 ERROR Responding with unauthorized error. Message - Full authentication is required to access this resource

2019-10-28 10:26:06,407 INFO [capacityManagement] start correct usage

2019-10-28 10:26:06,433 INFO [capacityManagement] end correct usage, cost: 0s

2019-10-28 10:26:06,556 WARN clearConfigHistory start

2019-10-28 10:36:06,439 INFO [capacityManagement] start correct usage

2019-10-28 10:36:06,441 INFO [capacityManagement] end correct usage, cost: 0s

2019-10-28 10:36:06,586 WARN clearConfigHistory start

2019-10-28 10:46:06,446 INFO [capacityManagement] start correct usage

2019-10-28 10:46:06,450 INFO [capacityManagement] end correct usage, cost: 0s

2019-10-28 10:46:06,591 WARN clearConfigHistory start

2019-10-28 10:56:06,453 INFO [capacityManagement] start correct usage

2019-10-28 10:56:06,453 INFO [capacityManagement] end correct usage, cost: 0s

2019-10-28 10:56:06,595 WARN clearConfigHistory start

2019-10-28 10:56:51,539 INFO Expired JWT token.

2019-10-28 10:56:51,540 ERROR Responding with unauthorized error. Message - Full authentication is required to access this resource

2019-10-28 11:06:06,456 INFO [capacityManagement] start correct usage

2019-10-28 11:06:06,458 INFO [capacityManagement] end correct usage, cost: 0s

2019-10-28 11:06:06,599 WARN clearConfigHistory start

2019-10-28 11:16:06,460 INFO [capacityManagement] start correct usage

2019-10-28 11:16:06,462 INFO [capacityManagement] end correct usage, cost: 0s

2019-10-28 11:16:06,603 WARN clearConfigHistory start

2019-10-28 11:26:06,464 INFO [capacityManagement] start correct usage

2019-10-28 11:26:06,466 INFO [capacityManagement] end correct usage, cost: 0s

2019-10-28 11:26:06,605 WARN clearConfigHistory start

2019-10-28 11:36:06,468 INFO [capacityManagement] start correct usage

2019-10-28 11:36:06,469 INFO [capacityManagement] end correct usage, cost: 0s

2019-10-28 11:36:06,608 WARN clearConfigHistory start

2019-10-28 11:36:14,913 INFO Expired JWT token.

2019-10-28 11:36:14,913 ERROR Responding with unauthorized error. Message - Full authentication is required to access this resource

2019-10-28 11:46:06,472 INFO [capacityManagement] start correct usage

2019-10-28 11:46:06,474 INFO [capacityManagement] end correct usage, cost: 0s

2019-10-28 11:46:06,609 WARN clearConfigHistory start

2019-10-28 11:53:57,155 INFO Starting Nacos v1.1.4 on DESKTOP-5EMO5NE with PID 11044 (D:\Work\springcloud\nacos\target\nacos-server.jar started by dell in D:\Work\springcloud\nacos\bin)

2019-10-28 11:53:57,156 INFO The following profiles are active: standalone

2019-10-28 11:53:58,765 INFO Bean 'org.springframework.security.config.annotation.configuration.ObjectPostProcessorConfiguration' of type [org.springframework.security.config.annotation.configuration.ObjectPostProcessorConfiguration$$EnhancerBySpringCGLIB$$721e27e4] is not eligible for getting processed by all BeanPostProcessors (for example: not eligible for auto-proxying)

2019-10-28 11:53:58,845 INFO Bean 'objectPostProcessor' of type [org.springframework.security.config.annotation.configuration.AutowireBeanFactoryObjectPostProcessor] is not eligible for getting processed by all BeanPostProcessors (for example: not eligible for auto-proxying)

2019-10-28 11:53:58,847 INFO Bean 'org.springframework.security.access.expression.method.DefaultMethodSecurityExpressionHandler@73eb439a' of type [org.springframework.security.access.expression.method.DefaultMethodSecurityExpressionHandler] is not eligible for getting processed by all BeanPostProcessors (for example: not eligible for auto-proxying)

2019-10-28 11:53:58,848 INFO Bean 'org.springframework.security.config.annotation.method.configuration.GlobalMethodSecurityConfiguration' of type [org.springframework.security.config.annotation.method.configuration.GlobalMethodSecurityConfiguration$$EnhancerBySpringCGLIB$$96f2ca96] is not eligible for getting processed by all BeanPostProcessors (for example: not eligible for auto-proxying)

2019-10-28 11:53:58,852 INFO Bean 'methodSecurityMetadataSource' of type [org.springframework.security.access.method.DelegatingMethodSecurityMetadataSource] is not eligible for getting processed by all BeanPostProcessors (for example: not eligible for auto-proxying)

2019-10-28 11:53:59,551 INFO Tomcat initialized with port(s): 8848 (http)

2019-10-28 11:53:59,574 INFO Starting service [Tomcat]

2019-10-28 11:53:59,575 INFO Starting Servlet Engine: Apache Tomcat/9.0.13

2019-10-28 11:53:59,586 INFO The APR based Apache Tomcat Native library which allows optimal performance in production environments was not found on the java.library.path: [D:\Program Files\jdk1.8.0_91\bin;C:\WINDOWS\Sun\Java\bin;C:\WINDOWS\system32;C:\WINDOWS;D:\Program Files\jdk1.8.0_91\bin;C:\ProgramData\Oracle\Java\javapath;C:\Program Files (x86)\Intel\Intel(R) Management Engine Components\iCLS\;C:\Program Files\Intel\Intel(R) Management Engine Components\iCLS\;C:\Windows\system32;C:\Windows;C:\Windows\System32\Wbem;C:\Windows\System32\WindowsPowerShell\v1.0\;C:\Program Files (x86)\NVIDIA Corporation\PhysX\Common;C:\Program Files (x86)\Intel\Intel(R) Management Engine Components\DAL;C:\Program Files\Intel\Intel(R) Management Engine Components\DAL;C:\Program Files (x86)\Intel\Intel(R) Management Engine Components\IPT;C:\Program Files\Intel\Intel(R) Management Engine Components\IPT;D:\Program Files\TortoiseSVN\bin;C:\WINDOWS\system32;C:\WINDOWS;C:\WINDOWS\System32\Wbem;C:\WINDOWS\System32\WindowsPowerShell\v1.0\;C:\WINDOWS\System32\OpenSSH\;C:\Program Files (x86)\MySQL\MySQL Fabric 1.5 & MySQL Utilities 1.5\;C:\Program Files (x86)\MySQL\MySQL Fabric 1.5 & MySQL Utilities 1.5\Doctrine extensions for PHP\;C:\Program Files\NVIDIA Corporation\NVIDIA NvDLISR;D:\Program Files\jdk1.8.0_91\jre\bin;TOMECAT_HOME;D:\Program Files\nodejs\;C:\Program Files\Intel\WiFi\bin\;C:\Program Files\Common Files\Intel\WirelessCommon\;D:\Program Files\nodejs\node_global;C:\WINDOWS\system32;C:\WINDOWS;C:\WINDOWS\System32\Wbem;C:\WINDOWS\System32\WindowsPowerShell\v1.0\;C:\WINDOWS\System32\OpenSSH\;D:\psw\tools\Git\Git\cmd;C:\Users\dell\AppData\Local\Microsoft\WindowsApps;C:\Users\dell\AppData\Roaming\npm;D:\软件\Fiddler;%;SERPROFILE%\AppData\Local\Microsoft\WindowsApps;;.]

2019-10-28 11:53:59,665 INFO Initializing Spring embedded WebApplicationContext

2019-10-28 11:53:59,665 INFO Root WebApplicationContext: initialization completed in 2467 ms

2019-10-28 11:54:01,574 INFO Use Mysql as the driver

2019-10-28 11:54:01,855 INFO Initializing ExecutorService 'applicationTaskExecutor'

2019-10-28 11:54:02,208 INFO Adding welcome page: class path resource [static/index.html]

2019-10-28 11:54:02,433 INFO Creating filter chain: Ant [pattern='/'], []

2019-10-28 11:54:02,434 INFO Creating filter chain: Ant [pattern='/**/*.css'], []

2019-10-28 11:54:02,435 INFO Creating filter chain: Ant [pattern='/**/*.js'], []

2019-10-28 11:54:02,435 INFO Creating filter chain: Ant [pattern='/**/*.html'], []

2019-10-28 11:54:02,435 INFO Creating filter chain: Ant [pattern='/**/*.map'], []

2019-10-28 11:54:02,436 INFO Creating filter chain: Ant [pattern='/**/*.svg'], []

2019-10-28 11:54:02,436 INFO Creating filter chain: Ant [pattern='/**/*.png'], []

2019-10-28 11:54:02,436 INFO Creating filter chain: Ant [pattern='/**/*.ico'], []

2019-10-28 11:54:02,437 INFO Creating filter chain: Ant [pattern='/console-fe/public/**'], []

2019-10-28 11:54:02,437 INFO Creating filter chain: Ant [pattern='/v1/auth/login'], []

2019-10-28 11:54:02,437 INFO Creating filter chain: Ant [pattern='/v1/console/health/**'], []

2019-10-28 11:54:02,438 INFO Creating filter chain: Ant [pattern='/v1/cs/**'], []

2019-10-28 11:54:02,438 INFO Creating filter chain: Ant [pattern='/v1/ns/**'], []

2019-10-28 11:54:02,438 INFO Creating filter chain: Ant [pattern='/v1/cmdb/**'], []

2019-10-28 11:54:02,439 INFO Creating filter chain: Ant [pattern='/actuator/**'], []

2019-10-28 11:54:02,439 INFO Creating filter chain: Ant [pattern='/v1/console/server/**'], []

2019-10-28 11:54:02,469 INFO Creating filter chain: any request, [org.springframework.security.web.context.request.async.WebAsyncManagerIntegrationFilter@53812a9b, org.springframework.security.web.context.SecurityContextPersistenceFilter@42f48531, org.springframework.security.web.header.HeaderWriterFilter@2a3c96e3, org.springframework.security.web.authentication.logout.LogoutFilter@338494fa, com.alibaba.nacos.console.filter.JwtAuthenticationTokenFilter@14b030a0, org.springframework.security.web.savedrequest.RequestCacheAwareFilter@792bbc74, org.springframework.security.web.servletapi.SecurityContextHolderAwareRequestFilter@4c4d27c8, org.springframework.security.web.authentication.AnonymousAuthenticationFilter@41e350f1, org.springframework.security.web.session.SessionManagementFilter@5b444398, org.springframework.security.web.access.ExceptionTranslationFilter@b78a709, org.springframework.security.web.access.intercept.FilterSecurityInterceptor@4ee37ca3]

2019-10-28 11:54:02,550 INFO Exposing 2 endpoint(s) beneath base path '/actuator'

2019-10-28 11:54:02,579 INFO Initializing ExecutorService 'taskScheduler'

2019-10-28 11:54:02,670 INFO Tomcat started on port(s): 8848 (http) with context path '/nacos'

2019-10-28 11:54:02,674 INFO Started Nacos in 6.44 seconds (JVM running for 6.884)

2019-10-28 11:54:02,674 INFO Nacos Log files: D:\Work\springcloud\nacos/logs/

2019-10-28 11:54:02,674 INFO Nacos Conf files: D:\Work\springcloud\nacos/conf/

2019-10-28 11:54:02,675 INFO Nacos Data files: D:\Work\springcloud\nacos/data/

2019-10-28 11:54:02,676 INFO Nacos started successfully in stand alone mode.

2019-10-28 11:54:03,026 INFO Initializing Spring DispatcherServlet 'dispatcherServlet'

2019-10-28 11:54:03,026 INFO Initializing Servlet 'dispatcherServlet'

2019-10-28 11:54:03,033 INFO Completed initialization in 7 ms

2019-10-28 12:04:01,401 INFO [capacityManagement] start correct usage

2019-10-28 12:04:01,416 INFO [capacityManagement] end correct usage, cost: 0s

2019-10-28 12:04:01,570 WARN clearConfigHistory start

2019-10-28 12:14:01,418 INFO [capacityManagement] start correct usage

2019-10-28 12:14:01,420 INFO [capacityManagement] end correct usage, cost: 0s

2019-10-28 12:14:01,580 WARN clearConfigHistory start

2019-10-28 12:24:01,422 INFO [capacityManagement] start correct usage

2019-10-28 12:24:01,428 INFO [capacityManagement] end correct usage, cost: 0s

2019-10-28 12:24:01,583 WARN clearConfigHistory start

2019-10-28 12:34:01,430 INFO [capacityManagement] start correct usage

2019-10-28 12:34:01,432 INFO [capacityManagement] end correct usage, cost: 0s

2019-10-28 12:34:01,585 WARN clearConfigHistory start

2019-10-28 12:44:01,433 INFO [capacityManagement] start correct usage

2019-10-28 12:44:01,435 INFO [capacityManagement] end correct usage, cost: 0s

2019-10-28 12:44:01,588 WARN clearConfigHistory start

2019-10-28 12:54:01,437 INFO [capacityManagement] start correct usage

2019-10-28 12:54:01,437 INFO [capacityManagement] end correct usage, cost: 0s

2019-10-28 12:54:01,591 WARN clearConfigHistory start

2019-10-28 13:04:01,438 INFO [capacityManagement] start correct usage

2019-10-28 13:04:01,439 INFO [capacityManagement] end correct usage, cost: 0s

2019-10-28 13:04:01,592 WARN clearConfigHistory start

2019-10-28 13:14:01,441 INFO [capacityManagement] start correct usage

2019-10-28 13:14:01,442 INFO [capacityManagement] end correct usage, cost: 0s

2019-10-28 13:14:01,595 WARN clearConfigHistory start

2019-10-28 13:24:01,444 INFO [capacityManagement] start correct usage

2019-10-28 13:24:01,446 INFO [capacityManagement] end correct usage, cost: 0s

2019-10-28 13:24:01,596 WARN clearConfigHistory start

2019-10-28 13:32:21,769 INFO Expired JWT token.

2019-10-28 13:32:21,774 ERROR Responding with unauthorized error. Message - Full authentication is required to access this resource

2019-10-28 13:34:01,448 INFO [capacityManagement] start correct usage

2019-10-28 13:34:01,450 INFO [capacityManagement] end correct usage, cost: 0s

2019-10-28 13:34:01,599 WARN clearConfigHistory start

2019-10-28 13:44:01,452 INFO [capacityManagement] start correct usage

2019-10-28 13:44:01,454 INFO [capacityManagement] end correct usage, cost: 0s

2019-10-28 13:44:01,601 WARN clearConfigHistory start

2019-10-28 13:54:01,455 INFO [capacityManagement] start correct usage

2019-10-28 13:54:01,455 INFO [capacityManagement] end correct usage, cost: 0s

2019-10-28 13:54:01,605 WARN clearConfigHistory start

2019-10-28 14:04:01,458 INFO [capacityManagement] start correct usage

2019-10-28 14:04:01,459 INFO [capacityManagement] end correct usage, cost: 0s

2019-10-28 14:04:01,607 WARN clearConfigHistory start

2019-10-28 14:14:01,459 INFO [capacityManagement] start correct usage

2019-10-28 14:14:01,461 INFO [capacityManagement] end correct usage, cost: 0s

2019-10-28 14:14:01,611 WARN clearConfigHistory start

2019-10-28 14:24:01,462 INFO [capacityManagement] start correct usage

2019-10-28 14:24:01,462 INFO [capacityManagement] end correct usage, cost: 0s

2019-10-28 14:24:01,613 WARN clearConfigHistory start

2019-10-28 14:34:01,471 INFO [capacityManagement] start correct usage

2019-10-28 14:34:01,471 INFO [capacityManagement] end correct usage, cost: 0s

2019-10-28 14:34:01,614 WARN clearConfigHistory start

2019-10-28 14:44:01,472 INFO [capacityManagement] start correct usage

2019-10-28 14:44:01,473 INFO [capacityManagement] end correct usage, cost: 0s

2019-10-28 14:44:01,622 WARN clearConfigHistory start

2019-10-28 14:54:01,473 INFO [capacityManagement] start correct usage

2019-10-28 14:54:01,473 INFO [capacityManagement] end correct usage, cost: 0s

2019-10-28 14:54:01,623 WARN clearConfigHistory start

2019-10-28 14:55:29,772 INFO Expired JWT token.

2019-10-28 14:55:29,775 ERROR Responding with unauthorized error. Message - Full authentication is required to access this resource

2019-10-28 15:04:01,474 INFO [capacityManagement] start correct usage

2019-10-28 15:04:01,474 INFO [capacityManagement] end correct usage, cost: 0s

2019-10-28 15:04:01,626 WARN clearConfigHistory start

2019-10-28 15:14:01,475 INFO [capacityManagement] start correct usage

2019-10-28 15:14:01,475 INFO [capacityManagement] end correct usage, cost: 0s

2019-10-28 15:14:01,629 WARN clearConfigHistory start

2019-10-28 15:24:01,477 INFO [capacityManagement] start correct usage

2019-10-28 15:24:01,482 INFO [capacityManagement] end correct usage, cost: 0s

2019-10-28 15:24:01,632 WARN clearConfigHistory start

2019-10-28 15:34:01,482 INFO [capacityManagement] start correct usage

2019-10-28 15:34:01,483 INFO [capacityManagement] end correct usage, cost: 0s

2019-10-28 15:34:01,636 WARN clearConfigHistory start

2019-10-28 15:44:01,483 INFO [capacityManagement] start correct usage

2019-10-28 15:44:01,483 INFO [capacityManagement] end correct usage, cost: 0s

2019-10-28 15:44:01,637 WARN clearConfigHistory start

2019-10-28 15:54:01,484 INFO [capacityManagement] start correct usage

2019-10-28 15:54:01,484 INFO [capacityManagement] end correct usage, cost: 0s

2019-10-28 15:54:01,638 WARN clearConfigHistory start

2019-10-28 16:04:01,486 INFO [capacityManagement] start correct usage

2019-10-28 16:04:01,487 INFO [capacityManagement] end correct usage, cost: 0s

2019-10-28 16:04:01,639 WARN clearConfigHistory start

2019-10-28 16:14:01,489 INFO [capacityManagement] start correct usage

2019-10-28 16:14:01,489 INFO [capacityManagement] end correct usage, cost: 0s

2019-10-28 16:14:01,640 WARN clearConfigHistory start

2019-10-28 16:24:01,490 INFO [capacityManagement] start correct usage

2019-10-28 16:24:01,491 INFO [capacityManagement] end correct usage, cost: 0s

2019-10-28 16:24:01,642 WARN clearConfigHistory start

2019-10-28 16:34:01,492 INFO [capacityManagement] start correct usage

2019-10-28 16:34:01,494 INFO [capacityManagement] end correct usage, cost: 0s

2019-10-28 16:34:01,643 WARN clearConfigHistory start

2019-10-28 16:44:01,496 INFO [capacityManagement] start correct usage

2019-10-28 16:44:01,496 INFO [capacityManagement] end correct usage, cost: 0s

2019-10-28 16:44:01,644 WARN clearConfigHistory start

2019-10-28 16:54:01,497 INFO [capacityManagement] start correct usage

2019-10-28 16:54:01,498 INFO [capacityManagement] end correct usage, cost: 0s

2019-10-28 16:54:01,645 WARN clearConfigHistory start

2019-10-28 17:04:01,499 INFO [capacityManagement] start correct usage

2019-10-28 17:04:01,500 INFO [capacityManagement] end correct usage, cost: 0s

2019-10-28 17:04:01,648 WARN clearConfigHistory start

2019-10-28 17:14:01,501 INFO [capacityManagement] start correct usage

2019-10-28 17:14:01,501 INFO [capacityManagement] end correct usage, cost: 0s

2019-10-28 17:14:01,649 WARN clearConfigHistory start

2019-10-28 17:24:01,503 INFO [capacityManagement] start correct usage

2019-10-28 17:24:01,504 INFO [capacityManagement] end correct usage, cost: 0s

2019-10-28 17:24:01,650 WARN clearConfigHistory start

2019-10-28 17:34:01,505 INFO [capacityManagement] start correct usage

2019-10-28 17:34:01,507 INFO [capacityManagement] end correct usage, cost: 0s

2019-10-28 17:34:01,652 WARN clearConfigHistory start

2019-10-28 17:44:01,508 INFO [capacityManagement] start correct usage

2019-10-28 17:44:01,510 INFO [capacityManagement] end correct usage, cost: 0s

2019-10-28 17:44:01,653 WARN clearConfigHistory start

2019-10-28 17:54:01,537 INFO [capacityManagement] start correct usage

2019-10-28 17:54:01,537 INFO [capacityManagement] end correct usage, cost: 0s

2019-10-28 17:54:01,680 WARN clearConfigHistory start

