2019-10-28 10:16:36,562 INFO PERFORMANCE:|2|2|-1|-1

2019-10-28 10:21:36,567 INFO PERFORMANCE:|2|2|-1|-1

2019-10-28 10:26:36,569 INFO PERFORMANCE:|2|2|-1|-1

2019-10-28 10:31:36,572 INFO PERFORMANCE:|2|2|-1|-1

2019-10-28 10:36:36,576 INFO PERFORMANCE:|2|2|-1|-1

2019-10-28 10:41:36,579 INFO PERFORMANCE:|2|2|-1|-1

2019-10-28 10:46:36,581 INFO PERFORMANCE:|2|2|-1|-1

2019-10-28 10:51:36,583 INFO PERFORMANCE:|2|2|-1|-1

2019-10-28 10:56:36,586 INFO PERFORMANCE:|2|2|-1|-1

2019-10-28 11:01:36,588 INFO PERFORMANCE:|2|2|-1|-1

2019-10-28 11:06:36,589 INFO PERFORMANCE:|2|0|-1|-1

2019-10-28 11:11:36,591 INFO PERFORMANCE:|2|0|-1|-1

2019-10-28 11:16:36,592 INFO PERFORMANCE:|2|0|-1|-1

2019-10-28 11:21:36,595 INFO PERFORMANCE:|2|0|-1|-1

2019-10-28 11:26:36,597 INFO PERFORMANCE:|1|1|-1|-1

2019-10-28 11:31:36,598 INFO PERFORMANCE:|1|1|-1|-1

2019-10-28 11:36:36,600 INFO PERFORMANCE:|2|2|-1|-1

2019-10-28 11:41:36,600 INFO PERFORMANCE:|2|2|-1|-1

2019-10-28 11:46:36,601 INFO PERFORMANCE:|2|0|-1|-1

2019-10-28 11:51:36,603 INFO PERFORMANCE:|2|0|-1|-1

2019-10-28 11:54:31,580 INFO PERFORMANCE:|1|1|-1|-1

2019-10-28 11:59:31,582 INFO PERFORMANCE:|1|1|-1|-1

2019-10-28 12:04:31,584 INFO PERFORMANCE:|1|1|-1|-1

2019-10-28 12:09:31,585 INFO PERFORMANCE:|1|1|-1|-1

2019-10-28 12:14:31,586 INFO PERFORMANCE:|1|1|-1|-1

2019-10-28 12:19:31,589 INFO PERFORMANCE:|1|1|-1|-1

2019-10-28 12:24:31,590 INFO PERFORMANCE:|1|1|-1|-1

2019-10-28 12:29:31,592 INFO PERFORMANCE:|1|1|-1|-1

2019-10-28 12:34:31,594 INFO PERFORMANCE:|1|1|-1|-1

2019-10-28 12:39:31,596 INFO PERFORMANCE:|1|1|-1|-1

2019-10-28 12:44:31,597 INFO PERFORMANCE:|1|1|-1|-1

2019-10-28 12:49:31,599 INFO PERFORMANCE:|1|1|-1|-1

2019-10-28 12:54:31,601 INFO PERFORMANCE:|1|1|-1|-1

2019-10-28 12:59:31,603 INFO PERFORMANCE:|1|1|-1|-1

2019-10-28 13:04:31,605 INFO PERFORMANCE:|1|1|-1|-1

2019-10-28 13:09:31,606 INFO PERFORMANCE:|1|1|-1|-1

2019-10-28 13:14:31,607 INFO PERFORMANCE:|1|1|-1|-1

2019-10-28 13:19:31,609 INFO PERFORMANCE:|1|1|-1|-1

2019-10-28 13:24:31,611 INFO PERFORMANCE:|1|1|-1|-1

2019-10-28 13:29:31,612 INFO PERFORMANCE:|1|1|-1|-1

2019-10-28 13:34:31,612 INFO PERFORMANCE:|1|1|-1|-1

2019-10-28 13:39:31,613 INFO PERFORMANCE:|1|1|-1|-1

2019-10-28 13:44:31,618 INFO PERFORMANCE:|1|1|-1|-1

2019-10-28 13:49:31,620 INFO PERFORMANCE:|1|1|-1|-1

2019-10-28 13:54:31,620 INFO PERFORMANCE:|1|1|-1|-1

2019-10-28 13:59:31,620 INFO PERFORMANCE:|1|1|-1|-1

2019-10-28 14:04:31,622 INFO PERFORMANCE:|1|1|-1|-1

2019-10-28 14:09:31,624 INFO PERFORMANCE:|1|1|-1|-1

2019-10-28 14:14:31,625 INFO PERFORMANCE:|1|1|-1|-1

2019-10-28 14:19:31,626 INFO PERFORMANCE:|1|1|-1|-1

2019-10-28 14:24:31,627 INFO PERFORMANCE:|1|0|-1|-1

2019-10-28 14:29:31,629 INFO PERFORMANCE:|1|0|-1|-1

2019-10-28 14:34:31,636 INFO PERFORMANCE:|1|0|-1|-1

2019-10-28 14:39:31,638 INFO PERFORMANCE:|1|0|-1|-1

2019-10-28 14:44:31,638 INFO PERFORMANCE:|1|0|-1|-1

2019-10-28 14:49:31,640 INFO PERFORMANCE:|1|0|-1|-1

2019-10-28 14:54:31,641 INFO PERFORMANCE:|1|0|-1|-1

2019-10-28 14:59:31,642 INFO PERFORMANCE:|1|1|-1|-1

2019-10-28 15:04:31,643 INFO PERFORMANCE:|1|1|-1|-1

2019-10-28 15:09:31,645 INFO PERFORMANCE:|1|1|-1|-1

2019-10-28 15:14:31,647 INFO PERFORMANCE:|1|1|-1|-1

2019-10-28 15:19:31,648 INFO PERFORMANCE:|1|1|-1|-1

2019-10-28 15:24:31,650 INFO PERFORMANCE:|1|1|-1|-1

2019-10-28 15:29:31,651 INFO PERFORMANCE:|1|1|-1|-1

2019-10-28 15:34:31,653 INFO PERFORMANCE:|1|1|-1|-1

2019-10-28 15:39:31,653 INFO PERFORMANCE:|1|1|-1|-1

2019-10-28 15:44:31,655 INFO PERFORMANCE:|1|1|-1|-1

2019-10-28 15:49:31,656 INFO PERFORMANCE:|1|1|-1|-1

2019-10-28 15:54:31,658 INFO PERFORMANCE:|1|1|-1|-1

2019-10-28 15:59:31,659 INFO PERFORMANCE:|1|1|-1|-1

2019-10-28 16:04:31,660 INFO PERFORMANCE:|1|1|-1|-1

2019-10-28 16:09:31,661 INFO PERFORMANCE:|1|1|-1|-1

2019-10-28 16:14:31,663 INFO PERFORMANCE:|1|1|-1|-1

2019-10-28 16:19:31,665 INFO PERFORMANCE:|1|1|-1|-1

2019-10-28 16:24:31,667 INFO PERFORMANCE:|1|1|-1|-1

2019-10-28 16:29:31,668 INFO PERFORMANCE:|1|1|-1|-1

2019-10-28 16:34:31,670 INFO PERFORMANCE:|1|0|-1|-1

2019-10-28 16:39:31,671 INFO PERFORMANCE:|1|0|-1|-1

2019-10-28 16:44:31,672 INFO PERFORMANCE:|1|0|-1|-1

2019-10-28 16:49:31,673 INFO PERFORMANCE:|1|0|-1|-1

2019-10-28 16:54:31,674 INFO PERFORMANCE:|1|0|-1|-1

2019-10-28 16:59:31,675 INFO PERFORMANCE:|1|0|-1|-1

2019-10-28 17:04:31,677 INFO PERFORMANCE:|1|0|-1|-1

2019-10-28 17:09:31,677 INFO PERFORMANCE:|1|0|-1|-1

2019-10-28 17:14:31,679 INFO PERFORMANCE:|1|0|-1|-1

2019-10-28 17:19:31,680 INFO PERFORMANCE:|1|0|-1|-1

2019-10-28 17:24:31,680 INFO PERFORMANCE:|1|0|-1|-1

2019-10-28 17:29:31,683 INFO PERFORMANCE:|1|0|-1|-1

2019-10-28 17:34:31,683 INFO PERFORMANCE:|1|0|-1|-1

2019-10-28 17:39:31,685 INFO PERFORMANCE:|1|0|-1|-1

2019-10-28 17:44:31,686 INFO PERFORMANCE:|1|0|-1|-1

2019-10-28 17:49:31,688 INFO PERFORMANCE:|1|0|-1|-1

2019-10-28 17:54:31,717 INFO PERFORMANCE:|1|0|-1|-1

2019-10-28 17:59:31,756 INFO PERFORMANCE:|1|0|-1|-1

